[debug] [2021-04-15T06:22:15.227Z] ----------------------------------------------------------------------
[debug] [2021-04-15T06:22:15.230Z] Command:       C:\Program Files\nodejs\node.exe C:\Users\Phenomenal Tech\AppData\Roaming\npm\node_modules\firebase-tools\lib\bin\firebase.js init
[debug] [2021-04-15T06:22:15.231Z] CLI Version:   9.10.0
[debug] [2021-04-15T06:22:15.231Z] Platform:      win32
[debug] [2021-04-15T06:22:15.231Z] Node Version:  v14.15.5
[debug] [2021-04-15T06:22:15.233Z] Time:          Thu Apr 15 2021 11:52:15 GMT+0530 (India Standard Time)
[debug] [2021-04-15T06:22:15.233Z] ----------------------------------------------------------------------
[debug] 
[debug] [2021-04-15T06:22:15.247Z] > command requires scopes: ["email","openid","https://www.googleapis.com/auth/cloudplatformprojects.readonly","https://www.googleapis.com/auth/firebase","https://www.googleapis.com/auth/cloud-platform"]
[debug] [2021-04-15T06:22:15.247Z] > authorizing via signed-in user (manojkumarmsd9204@gmail.com)
[info] 
     ######## #### ########  ######## ########     ###     ######  ########
     ##        ##  ##     ## ##       ##     ##  ##   ##  ##       ##
     ######    ##  ########  ######   ########  #########  ######  ######
     ##        ##  ##    ##  ##       ##     ## ##     ##       ## ##
     ##       #### ##     ## ######## ########  ##     ##  ######  ########

You're about to initialize a Firebase project in this directory:

  C:\Users\Phenomenal Tech\kanishka-cards

Before we get started, keep in mind:

  * You are initializing in an existing Firebase project directory

[info] 
=== Project Setup
[info] 
[info] First, let's associate this project directory with a Firebase project.
[info] You can create multiple project aliases by running firebase use --add, 
[info] but for now we'll just set up a default project.
[info] 
[info] i  .firebaserc already has a default project, using kanishka-cards. 
[debug] [2021-04-15T06:22:20.816Z] >>> [apiv2][query] GET https://firebase.googleapis.com/v1beta1/projects/kanishka-cards [none]
[debug] [2021-04-15T06:22:21.319Z] <<< [apiv2][status] GET https://firebase.googleapis.com/v1beta1/projects/kanishka-cards 403
[debug] [2021-04-15T06:22:21.319Z] <<< [apiv2][body] GET https://firebase.googleapis.com/v1beta1/projects/kanishka-cards {"error":{"code":403,"message":"The caller does not have permission","status":"PERMISSION_DENIED"}}
[debug] [2021-04-15T06:22:21.321Z] HTTP Error: 403, The caller does not have permission
[debug] [2021-04-15T06:22:21.474Z] FirebaseError: HTTP Error: 403, The caller does not have permission
    at module.exports (C:\Users\Phenomenal Tech\AppData\Roaming\npm\node_modules\firebase-tools\lib\responseToError.js:38:12)
    at Client.doRequest (C:\Users\Phenomenal Tech\AppData\Roaming\npm\node_modules\firebase-tools\lib\apiv2.js:238:23)
    at processTicksAndRejections (internal/process/task_queues.js:93:5)
    at async Client.request (C:\Users\Phenomenal Tech\AppData\Roaming\npm\node_modules\firebase-tools\lib\apiv2.js:96:20)
    at async Object.getFirebaseProject (C:\Users\Phenomenal Tech\AppData\Roaming\npm\node_modules\firebase-tools\lib\management\projects.js:290:21)
    at async Object.doSetup [as project] (C:\Users\Phenomenal Tech\AppData\Roaming\npm\node_modules\firebase-tools\lib\init\features\project.js:77:27)
    at async init (C:\Users\Phenomenal Tech\AppData\Roaming\npm\node_modules\firebase-tools\lib\init\index.js:19:9)
[error] 
[error] Error: Failed to get Firebase project kanishka-cards. Please make sure the project exists and your account has permission to access it.
[debug] [2021-04-15T06:23:12.006Z] ----------------------------------------------------------------------
[debug] [2021-04-15T06:23:12.010Z] Command:       C:\Program Files\nodejs\node.exe C:\Users\Phenomenal Tech\AppData\Roaming\npm\node_modules\firebase-tools\lib\bin\firebase.js init
[debug] [2021-04-15T06:23:12.010Z] CLI Version:   9.10.0
[debug] [2021-04-15T06:23:12.011Z] Platform:      win32
[debug] [2021-04-15T06:23:12.011Z] Node Version:  v14.15.5
[debug] [2021-04-15T06:23:12.012Z] Time:          Thu Apr 15 2021 11:53:12 GMT+0530 (India Standard Time)
[debug] [2021-04-15T06:23:12.013Z] ----------------------------------------------------------------------
[debug] 
[debug] [2021-04-15T06:23:12.027Z] > command requires scopes: ["email","openid","https://www.googleapis.com/auth/cloudplatformprojects.readonly","https://www.googleapis.com/auth/firebase","https://www.googleapis.com/auth/cloud-platform"]
[debug] [2021-04-15T06:23:12.027Z] > authorizing via signed-in user (manojkumarmsd9204@gmail.com)
[info] 
     ######## #### ########  ######## ########     ###     ######  ########
     ##        ##  ##     ## ##       ##     ##  ##   ##  ##       ##
     ######    ##  ########  ######   ########  #########  ######  ######
     ##        ##  ##    ##  ##       ##     ## ##     ##       ## ##
     ##       #### ##     ## ######## ########  ##     ##  ######  ########

You're about to initialize a Firebase project in this directory:

  C:\Users\Phenomenal Tech\kanishka-cards

Before we get started, keep in mind:

  * You are initializing in an existing Firebase project directory

[info] 
=== Project Setup
[info] 
[info] First, let's associate this project directory with a Firebase project.
[info] You can create multiple project aliases by running firebase use --add, 
[info] but for now we'll just set up a default project.
[info] 
[info] i  .firebaserc already has a default project, using kanishka-cards. 
[debug] [2021-04-15T06:23:20.690Z] >>> [apiv2][query] GET https://firebase.googleapis.com/v1beta1/projects/kanishka-cards [none]
[debug] [2021-04-15T06:23:21.192Z] <<< [apiv2][status] GET https://firebase.googleapis.com/v1beta1/projects/kanishka-cards 403
[debug] [2021-04-15T06:23:21.192Z] <<< [apiv2][body] GET https://firebase.googleapis.com/v1beta1/projects/kanishka-cards {"error":{"code":403,"message":"The caller does not have permission","status":"PERMISSION_DENIED"}}
[debug] [2021-04-15T06:23:21.193Z] HTTP Error: 403, The caller does not have permission
[debug] [2021-04-15T06:23:21.326Z] FirebaseError: HTTP Error: 403, The caller does not have permission
    at module.exports (C:\Users\Phenomenal Tech\AppData\Roaming\npm\node_modules\firebase-tools\lib\responseToError.js:38:12)
    at Client.doRequest (C:\Users\Phenomenal Tech\AppData\Roaming\npm\node_modules\firebase-tools\lib\apiv2.js:238:23)
    at processTicksAndRejections (internal/process/task_queues.js:93:5)
    at async Client.request (C:\Users\Phenomenal Tech\AppData\Roaming\npm\node_modules\firebase-tools\lib\apiv2.js:96:20)
    at async Object.getFirebaseProject (C:\Users\Phenomenal Tech\AppData\Roaming\npm\node_modules\firebase-tools\lib\management\projects.js:290:21)
    at async Object.doSetup [as project] (C:\Users\Phenomenal Tech\AppData\Roaming\npm\node_modules\firebase-tools\lib\init\features\project.js:77:27)
    at async init (C:\Users\Phenomenal Tech\AppData\Roaming\npm\node_modules\firebase-tools\lib\init\index.js:19:9)
[error] 
[error] Error: Failed to get Firebase project kanishka-cards. Please make sure the project exists and your account has permission to access it.
[debug] [2021-04-15T06:24:15.675Z] ----------------------------------------------------------------------
[debug] [2021-04-15T06:24:15.679Z] Command:       C:\Program Files\nodejs\node.exe C:\Users\Phenomenal Tech\AppData\Roaming\npm\node_modules\firebase-tools\lib\bin\firebase.js deploy
[debug] [2021-04-15T06:24:15.680Z] CLI Version:   9.10.0
[debug] [2021-04-15T06:24:15.680Z] Platform:      win32
[debug] [2021-04-15T06:24:15.680Z] Node Version:  v14.15.5
[debug] [2021-04-15T06:24:15.681Z] Time:          Thu Apr 15 2021 11:54:15 GMT+0530 (India Standard Time)
[debug] [2021-04-15T06:24:15.682Z] ----------------------------------------------------------------------
[debug] 
[debug] [2021-04-15T06:24:15.697Z] > command requires scopes: ["email","openid","https://www.googleapis.com/auth/cloudplatformprojects.readonly","https://www.googleapis.com/auth/firebase","https://www.googleapis.com/auth/cloud-platform"]
[debug] [2021-04-15T06:24:15.698Z] > authorizing via signed-in user (manojkumarmsd9204@gmail.com)
[debug] [2021-04-15T06:24:15.698Z] [iam] checking project kanishka-cards for permissions ["firebase.projects.get","firebasehosting.sites.update"]
[debug] [2021-04-15T06:24:15.702Z] > refreshing access token with scopes: ["email","https://www.googleapis.com/auth/cloud-platform","https://www.googleapis.com/auth/cloudplatformprojects.readonly","https://www.googleapis.com/auth/firebase","openid"]
[debug] [2021-04-15T06:24:15.702Z] >>> HTTP REQUEST POST https://www.googleapis.com/oauth2/v3/token  
 <request body omitted>
[debug] [2021-04-15T06:24:15.878Z] <<< HTTP RESPONSE 200 {"cache-control":"no-cache, no-store, max-age=0, must-revalidate","expires":"Mon, 01 Jan 1990 00:00:00 GMT","pragma":"no-cache","date":"Thu, 15 Apr 2021 06:24:14 GMT","content-type":"application/json; charset=utf-8","vary":"X-Origin, Referer, Origin,Accept-Encoding","server":"scaffolding on HTTPServer2","x-xss-protection":"0","x-frame-options":"SAMEORIGIN","x-content-type-options":"nosniff","alt-svc":"h3-29=\":443\"; ma=2592000,h3-T051=\":443\"; ma=2592000,h3-Q050=\":443\"; ma=2592000,h3-Q046=\":443\"; ma=2592000,h3-Q043=\":443\"; ma=2592000,quic=\":443\"; ma=2592000; v=\"46,43\"","accept-ranges":"none","transfer-encoding":"chunked"}
[debug] [2021-04-15T06:24:15.898Z] >>> HTTP REQUEST POST https://cloudresourcemanager.googleapis.com/v1/projects/kanishka-cards:testIamPermissions  
 {"permissions":["firebase.projects.get","firebasehosting.sites.update"]}
[debug] [2021-04-15T06:24:17.383Z] <<< HTTP RESPONSE 200 {"content-type":"application/json; charset=UTF-8","vary":"X-Origin, Referer, Origin,Accept-Encoding","date":"Thu, 15 Apr 2021 06:24:15 GMT","server":"ESF","cache-control":"private","x-xss-protection":"0","x-frame-options":"SAMEORIGIN","x-content-type-options":"nosniff","server-timing":"gfet4t7; dur=1274","alt-svc":"h3-29=\":443\"; ma=2592000,h3-T051=\":443\"; ma=2592000,h3-Q050=\":443\"; ma=2592000,h3-Q046=\":443\"; ma=2592000,h3-Q043=\":443\"; ma=2592000,quic=\":443\"; ma=2592000; v=\"46,43\"","accept-ranges":"none","transfer-encoding":"chunked"}
[debug] [2021-04-15T06:24:17.384Z] [iam] error while checking permissions, command may fail: FirebaseError: Authorization failed. This account is missing the following required permissions on project kanishka-cards:

  firebase.projects.get
  firebasehosting.sites.update
[debug] [2021-04-15T06:24:17.386Z] > refreshing access token with scopes: []
[debug] [2021-04-15T06:24:17.387Z] >>> HTTP REQUEST POST https://www.googleapis.com/oauth2/v3/token  
 <request body omitted>
[debug] [2021-04-15T06:24:17.527Z] <<< HTTP RESPONSE 200 {"date":"Thu, 15 Apr 2021 06:24:15 GMT","pragma":"no-cache","cache-control":"no-cache, no-store, max-age=0, must-revalidate","expires":"Mon, 01 Jan 1990 00:00:00 GMT","content-type":"application/json; charset=utf-8","vary":"X-Origin, Referer, Origin,Accept-Encoding","server":"scaffolding on HTTPServer2","x-xss-protection":"0","x-frame-options":"SAMEORIGIN","x-content-type-options":"nosniff","alt-svc":"h3-29=\":443\"; ma=2592000,h3-T051=\":443\"; ma=2592000,h3-Q050=\":443\"; ma=2592000,h3-Q046=\":443\"; ma=2592000,h3-Q043=\":443\"; ma=2592000,quic=\":443\"; ma=2592000; v=\"46,43\"","accept-ranges":"none","transfer-encoding":"chunked"}
[debug] [2021-04-15T06:24:17.548Z] >>> [apiv2][query] GET https://firebase.googleapis.com/v1beta1/projects/kanishka-cards [none]
[debug] [2021-04-15T06:24:17.985Z] <<< [apiv2][status] GET https://firebase.googleapis.com/v1beta1/projects/kanishka-cards 403
[debug] [2021-04-15T06:24:17.985Z] <<< [apiv2][body] GET https://firebase.googleapis.com/v1beta1/projects/kanishka-cards {"error":{"code":403,"message":"The caller does not have permission","status":"PERMISSION_DENIED"}}
[debug] [2021-04-15T06:24:17.986Z] HTTP Error: 403, The caller does not have permission
[debug] [2021-04-15T06:24:18.118Z] FirebaseError: HTTP Error: 403, The caller does not have permission
    at module.exports (C:\Users\Phenomenal Tech\AppData\Roaming\npm\node_modules\firebase-tools\lib\responseToError.js:38:12)
    at Client.doRequest (C:\Users\Phenomenal Tech\AppData\Roaming\npm\node_modules\firebase-tools\lib\apiv2.js:238:23)
    at processTicksAndRejections (internal/process/task_queues.js:93:5)
    at async Client.request (C:\Users\Phenomenal Tech\AppData\Roaming\npm\node_modules\firebase-tools\lib\apiv2.js:96:20)
    at async Object.getFirebaseProject (C:\Users\Phenomenal Tech\AppData\Roaming\npm\node_modules\firebase-tools\lib\management\projects.js:290:21)
    at async Object.getDefaultHostingSite (C:\Users\Phenomenal Tech\AppData\Roaming\npm\node_modules\firebase-tools\lib\getDefaultHostingSite.js:8:21)
    at async requireHostingSite (C:\Users\Phenomenal Tech\AppData\Roaming\npm\node_modules\firebase-tools\lib\requireHostingSite.js:9:18)
    at async Object.fn (C:\Users\Phenomenal Tech\AppData\Roaming\npm\node_modules\firebase-tools\lib\commands\deploy.js:66:9)
    at async C:\Users\Phenomenal Tech\AppData\Roaming\npm\node_modules\firebase-tools\lib\command.js:169:17
[error] 
[error] Error: Failed to get Firebase project kanishka-cards. Please make sure the project exists and your account has permission to access it.
[debug] [2021-04-15T06:24:27.266Z] ----------------------------------------------------------------------
[debug] [2021-04-15T06:24:27.269Z] Command:       C:\Program Files\nodejs\node.exe C:\Users\Phenomenal Tech\AppData\Roaming\npm\node_modules\firebase-tools\lib\bin\firebase.js init
[debug] [2021-04-15T06:24:27.270Z] CLI Version:   9.10.0
[debug] [2021-04-15T06:24:27.270Z] Platform:      win32
[debug] [2021-04-15T06:24:27.270Z] Node Version:  v14.15.5
[debug] [2021-04-15T06:24:27.272Z] Time:          Thu Apr 15 2021 11:54:27 GMT+0530 (India Standard Time)
[debug] [2021-04-15T06:24:27.272Z] ----------------------------------------------------------------------
[debug] 
[debug] [2021-04-15T06:24:27.286Z] > command requires scopes: ["email","openid","https://www.googleapis.com/auth/cloudplatformprojects.readonly","https://www.googleapis.com/auth/firebase","https://www.googleapis.com/auth/cloud-platform"]
[debug] [2021-04-15T06:24:27.286Z] > authorizing via signed-in user (manojkumarmsd9204@gmail.com)
[info] 
     ######## #### ########  ######## ########     ###     ######  ########
     ##        ##  ##     ## ##       ##     ##  ##   ##  ##       ##
     ######    ##  ########  ######   ########  #########  ######  ######
     ##        ##  ##    ##  ##       ##     ## ##     ##       ## ##
     ##       #### ##     ## ######## ########  ##     ##  ######  ########

You're about to initialize a Firebase project in this directory:

  C:\Users\Phenomenal Tech\kanishka-cards

Before we get started, keep in mind:

  * You are initializing in an existing Firebase project directory

[info] 
=== Project Setup
[info] 
[info] First, let's associate this project directory with a Firebase project.
[info] You can create multiple project aliases by running firebase use --add, 
[info] but for now we'll just set up a default project.
[info] 
[info] i  .firebaserc already has a default project, using kanishka-cards. 
[debug] [2021-04-15T06:24:36.465Z] >>> [apiv2][query] GET https://firebase.googleapis.com/v1beta1/projects/kanishka-cards [none]
[debug] [2021-04-15T06:24:36.888Z] <<< [apiv2][status] GET https://firebase.googleapis.com/v1beta1/projects/kanishka-cards 403
[debug] [2021-04-15T06:24:36.889Z] <<< [apiv2][body] GET https://firebase.googleapis.com/v1beta1/projects/kanishka-cards {"error":{"code":403,"message":"The caller does not have permission","status":"PERMISSION_DENIED"}}
[debug] [2021-04-15T06:24:36.890Z] HTTP Error: 403, The caller does not have permission
[debug] [2021-04-15T06:24:37.031Z] FirebaseError: HTTP Error: 403, The caller does not have permission
    at module.exports (C:\Users\Phenomenal Tech\AppData\Roaming\npm\node_modules\firebase-tools\lib\responseToError.js:38:12)
    at Client.doRequest (C:\Users\Phenomenal Tech\AppData\Roaming\npm\node_modules\firebase-tools\lib\apiv2.js:238:23)
    at processTicksAndRejections (internal/process/task_queues.js:93:5)
    at async Client.request (C:\Users\Phenomenal Tech\AppData\Roaming\npm\node_modules\firebase-tools\lib\apiv2.js:96:20)
    at async Object.getFirebaseProject (C:\Users\Phenomenal Tech\AppData\Roaming\npm\node_modules\firebase-tools\lib\management\projects.js:290:21)
    at async Object.doSetup [as project] (C:\Users\Phenomenal Tech\AppData\Roaming\npm\node_modules\firebase-tools\lib\init\features\project.js:77:27)
    at async init (C:\Users\Phenomenal Tech\AppData\Roaming\npm\node_modules\firebase-tools\lib\init\index.js:19:9)
[error] 
[error] Error: Failed to get Firebase project kanishka-cards. Please make sure the project exists and your account has permission to access it.
